<?xml version="1.0" encoding="UTF-8"?>
<!-- Generated by org.testng.reporters.JUnitReportReporter -->
<testsuite hostname="Otman-PC" name="testpac.YahooTest" tests="2" failures="0" timestamp="27 Jul 2014 16:42:38 GMT" time="0.005" errors="0">
  <testcase name="testSendEmail" time="0.002" classname="testpac.YahooTest"/>
  <testcase name="testRecievEmail" time="0.003" classname="testpac.YahooTest"/>
</testsuite> <!-- testpac.YahooTest -->
