<?xml version="1.0" encoding="UTF-8"?>
<!-- Generated by org.testng.reporters.JUnitReportReporter -->
<testsuite hostname="Otman-PC" name="testpac.YahooRegistrationTest" tests="3" failures="0" timestamp="27 Jul 2014 16:42:38 GMT" time="0.002" errors="0">
  <testcase name="testRegister" time="0.001" classname="testpac.YahooRegistrationTest"/>
  <testcase name="testRegister" time="0.000" classname="testpac.YahooRegistrationTest"/>
  <testcase name="testRegister" time="0.001" classname="testpac.YahooRegistrationTest"/>
</testsuite> <!-- testpac.YahooRegistrationTest -->
